<?xml version="1.0" encoding="UTF-8"?>
<TestRun id="5cefecc5-2014-481e-bb80-8b0f17d5b9db" name="Shawn@SH-DEV-042 2013-10-10 14:13:42" runUser="SH-DEV-042\Shawn" xmlns="http://microsoft.com/schemas/VisualStudio/TeamTest/2010">
  <TestSettings name="Default Test Settings" id="87b1a740-13fd-4454-8cab-131fab8470c4">
    <Deployment runDeploymentRoot="Shawn_SH-DEV-042 2013-10-10 14_13_42">
      <DeploymentItem filename="C:\Dropbox\Lib\Projects\Voodoo\Voodoo.TestData\Voodoo.TestData\bin\Debug\Voodoo.TestData.dll" />
    </Deployment>
    <Execution>
      <TestTypeSpecific />
      <AgentRule name="Execution Agents">
      </AgentRule>
    </Execution>
  </TestSettings>
  <Times creation="2013-10-10T14:13:42.7913811-05:00" queuing="2013-10-10T14:13:43.7357198-05:00" start="2013-10-10T14:13:43.8547624-05:00" finish="2013-10-10T14:13:44.7150706-05:00" />
  <ResultSummary outcome="Completed">
    <Counters total="1" executed="1" passed="1" error="0" failed="0" timeout="0" aborted="0" inconclusive="0" passedButRunAborted="0" notRunnable="0" notExecuted="0" disconnected="0" warning="0" completed="0" inProgress="0" pending="0" />
  </ResultSummary>
  <TestDefinitions>
    <UnitTest name="RandomizerDoesNotThrowExceptionsWithRangeAttribute" storage="c:\dropbox\lib\projects\voodoo\voodoo.testdata\voodoo.testdata.tests\bin\debug\voodootestdatatest.dll" id="72cb9780-65ac-e05d-cb7a-d54926f74dd2">
      <Execution id="02f1cb7d-f887-4d17-a519-8c2e93086b57" />
      <TestMethod codeBase="C:/Dropbox/Lib/Projects/Voodoo/Voodoo.TestData/Voodoo.TestData.Tests/bin/Debug/VoodooTestDataTest.DLL" adapterTypeName="Microsoft.VisualStudio.TestTools.TestTypes.Unit.UnitTestAdapter, Microsoft.VisualStudio.QualityTools.Tips.UnitTest.Adapter, Version=10.0.0.0, Culture=neutral, PublicKeyToken=b03f5f7f11d50a3a" className="VoodooTestDataTest.RandomizerTests, VoodooTestDataTest, Version=1.0.0.0, Culture=neutral, PublicKeyToken=null" name="RandomizerDoesNotThrowExceptionsWithRangeAttribute" />
    </UnitTest>
  </TestDefinitions>
  <TestLists>
    <TestList name="Results Not in a List" id="8c84fa94-04c1-424b-9868-57a2d4851a1d" />
    <TestList name="All Loaded Results" id="19431567-8539-422a-85d7-44ee4e166bda" />
  </TestLists>
  <TestEntries>
    <TestEntry testId="72cb9780-65ac-e05d-cb7a-d54926f74dd2" executionId="02f1cb7d-f887-4d17-a519-8c2e93086b57" testListId="8c84fa94-04c1-424b-9868-57a2d4851a1d" />
  </TestEntries>
  <Results>
    <UnitTestResult executionId="02f1cb7d-f887-4d17-a519-8c2e93086b57" testId="72cb9780-65ac-e05d-cb7a-d54926f74dd2" testName="RandomizerDoesNotThrowExceptionsWithRangeAttribute" computerName="SH-DEV-042" duration="00:00:00.1304545" startTime="2013-10-10T14:13:43.9718044-05:00" endTime="2013-10-10T14:13:44.6610510-05:00" testType="13cdc9d9-ddb5-4fa4-a97d-d965ccfc6d4b" outcome="Passed" testListId="8c84fa94-04c1-424b-9868-57a2d4851a1d" relativeResultsDirectory="02f1cb7d-f887-4d17-a519-8c2e93086b57">
    </UnitTestResult>
  </Results>
</TestRun>