<?xml version="1.0" encoding="UTF-8"?>
<TestRun id="3d30f1d1-e6a0-498c-b7b2-00692fa2d3e4" name="Shawn@SH-DEV-042 2013-01-16 12:13:59" runUser="SH-DEV-042\Shawn" xmlns="http://microsoft.com/schemas/VisualStudio/TeamTest/2010">
  <TestSettings name="Default Test Settings" id="bbbf3c7b-250c-454e-9a2a-59bc62865e25">
    <Deployment userDeploymentRoot="C:\Dropbox\Lib\Projects\Voodoo\Voodoo.TestData\TestResults" useDefaultDeploymentRoot="false" runDeploymentRoot="Shawn_SH-DEV-042 2013-01-16 12_13_59">
      <DeploymentItem filename="C:\Dropbox\Lib\Projects\Voodoo\Voodoo.TestData\Voodoo.TestData\bin\Debug\Voodoo.TestData.dll" />
    </Deployment>
    <Execution>
      <TestTypeSpecific />
      <AgentRule name="Execution Agents">
      </AgentRule>
    </Execution>
  </TestSettings>
  <Times creation="2013-01-16T12:13:59.8518396-06:00" queuing="2013-01-16T12:14:01.3621608-06:00" start="2013-01-16T12:14:01.4964614-06:00" finish="2013-01-16T12:14:35.1151129-06:00" />
  <ResultSummary outcome="Error">
    <Counters total="1" executed="1" error="0" failed="0" timeout="0" aborted="1" inconclusive="0" passedButRunAborted="0" notRunnable="0" notExecuted="0" disconnected="0" warning="0" passed="0" completed="0" inProgress="0" pending="0" />
    <RunInfos>
      <RunInfo computerName="SH-DEV-042" outcome="Error" timestamp="2013-01-16T12:14:35.1151129-06:00">
        <Text>Test host process exited unexpectedly.</Text>
      </RunInfo>
    </RunInfos>
  </ResultSummary>
  <TestDefinitions>
    <UnitTest name="SequentialCallsGenerateDifferentRandomValues" storage="c:\dropbox\lib\projects\voodoo\voodoo.testdata\voodoo.testdata.tests\bin\debug\voodootestdatatest.dll" id="770674c9-d5aa-9a11-d130-7059ded87b70">
      <Execution id="aee5aabf-7c87-4f49-a916-1e04c459bec4" />
      <TestMethod codeBase="C:/Dropbox/Lib/Projects/Voodoo/Voodoo.TestData/Voodoo.TestData.Tests/bin/Debug/VoodooTestDataTest.DLL" adapterTypeName="Microsoft.VisualStudio.TestTools.TestTypes.Unit.UnitTestAdapter, Microsoft.VisualStudio.QualityTools.Tips.UnitTest.Adapter, Version=10.0.0.0, Culture=neutral, PublicKeyToken=b03f5f7f11d50a3a" className="VoodooTestDataTest.RandomizerTests, VoodooTestDataTest, Version=1.0.0.0, Culture=neutral, PublicKeyToken=null" name="SequentialCallsGenerateDifferentRandomValues" />
    </UnitTest>
  </TestDefinitions>
  <TestLists>
    <TestList name="Results Not in a List" id="8c84fa94-04c1-424b-9868-57a2d4851a1d" />
    <TestList name="All Loaded Results" id="19431567-8539-422a-85d7-44ee4e166bda" />
  </TestLists>
  <TestEntries>
    <TestEntry testId="770674c9-d5aa-9a11-d130-7059ded87b70" executionId="aee5aabf-7c87-4f49-a916-1e04c459bec4" testListId="8c84fa94-04c1-424b-9868-57a2d4851a1d" />
  </TestEntries>
  <Results>
    <UnitTestResult executionId="aee5aabf-7c87-4f49-a916-1e04c459bec4" testId="770674c9-d5aa-9a11-d130-7059ded87b70" testName="SequentialCallsGenerateDifferentRandomValues" computerName="SH-DEV-042" duration="00:00:33.5038918" startTime="2013-01-16T12:14:01.6112211-06:00" endTime="2013-01-16T12:14:35.1151129-06:00" testType="13cdc9d9-ddb5-4fa4-a97d-d965ccfc6d4b" outcome="Aborted" testListId="8c84fa94-04c1-424b-9868-57a2d4851a1d" relativeResultsDirectory="aee5aabf-7c87-4f49-a916-1e04c459bec4">
    </UnitTestResult>
  </Results>
</TestRun>