<?xml version="1.0" encoding="UTF-8"?>
<TestRun id="edb0d475-df96-4150-9868-4bb5189684e6" name="Shawn@SH-DEV-042 2013-01-16 12:26:04" runUser="SH-DEV-042\Shawn" xmlns="http://microsoft.com/schemas/VisualStudio/TeamTest/2010">
  <TestSettings name="Default Test Settings" id="15b3c000-2922-4e84-9296-4b8094b392b1">
    <Deployment userDeploymentRoot="C:\Dropbox\Lib\Projects\Voodoo\Voodoo.TestData\TestResults" useDefaultDeploymentRoot="false" runDeploymentRoot="Shawn_SH-DEV-042 2013-01-16 12_26_04">
      <DeploymentItem filename="C:\Dropbox\Lib\Projects\Voodoo\Voodoo.TestData\Voodoo.TestData\bin\Debug\Voodoo.TestData.dll" />
    </Deployment>
    <Execution>
      <TestTypeSpecific />
      <AgentRule name="Execution Agents">
      </AgentRule>
    </Execution>
  </TestSettings>
  <Times creation="2013-01-16T12:26:04.6902537-06:00" queuing="2013-01-16T12:26:06.1318041-06:00" start="2013-01-16T12:26:06.2498489-06:00" finish="2013-01-16T12:26:50.2015335-06:00" />
  <ResultSummary outcome="Error">
    <Counters total="1" executed="1" error="0" failed="0" timeout="0" aborted="1" inconclusive="0" passedButRunAborted="0" notRunnable="0" notExecuted="0" disconnected="0" warning="0" passed="0" completed="0" inProgress="0" pending="0" />
    <RunInfos>
      <RunInfo computerName="SH-DEV-042" outcome="Error" timestamp="2013-01-16T12:26:50.2005319-06:00">
        <Text>Test host process exited unexpectedly.</Text>
      </RunInfo>
    </RunInfos>
  </ResultSummary>
  <TestDefinitions>
    <UnitTest name="SequentialCallsGenerateDifferentRandomValues" storage="c:\dropbox\lib\projects\voodoo\voodoo.testdata\voodoo.testdata.tests\bin\debug\voodootestdatatest.dll" id="770674c9-d5aa-9a11-d130-7059ded87b70">
      <Execution id="c39f3e0e-b9c0-468f-8f10-34cea715e898" />
      <TestMethod codeBase="C:/Dropbox/Lib/Projects/Voodoo/Voodoo.TestData/Voodoo.TestData.Tests/bin/Debug/VoodooTestDataTest.DLL" adapterTypeName="Microsoft.VisualStudio.TestTools.TestTypes.Unit.UnitTestAdapter, Microsoft.VisualStudio.QualityTools.Tips.UnitTest.Adapter, Version=10.0.0.0, Culture=neutral, PublicKeyToken=b03f5f7f11d50a3a" className="VoodooTestDataTest.RandomizerTests, VoodooTestDataTest, Version=1.0.0.0, Culture=neutral, PublicKeyToken=null" name="SequentialCallsGenerateDifferentRandomValues" />
    </UnitTest>
  </TestDefinitions>
  <TestLists>
    <TestList name="Results Not in a List" id="8c84fa94-04c1-424b-9868-57a2d4851a1d" />
    <TestList name="All Loaded Results" id="19431567-8539-422a-85d7-44ee4e166bda" />
  </TestLists>
  <TestEntries>
    <TestEntry testId="770674c9-d5aa-9a11-d130-7059ded87b70" executionId="c39f3e0e-b9c0-468f-8f10-34cea715e898" testListId="8c84fa94-04c1-424b-9868-57a2d4851a1d" />
  </TestEntries>
  <Results>
    <UnitTestResult executionId="c39f3e0e-b9c0-468f-8f10-34cea715e898" testId="770674c9-d5aa-9a11-d130-7059ded87b70" testName="SequentialCallsGenerateDifferentRandomValues" computerName="SH-DEV-042" duration="00:00:43.8425151" startTime="2013-01-16T12:26:06.3590184-06:00" endTime="2013-01-16T12:26:50.2015335-06:00" testType="13cdc9d9-ddb5-4fa4-a97d-d965ccfc6d4b" outcome="Aborted" testListId="8c84fa94-04c1-424b-9868-57a2d4851a1d" relativeResultsDirectory="c39f3e0e-b9c0-468f-8f10-34cea715e898">
    </UnitTestResult>
  </Results>
</TestRun>