<?xml version="1.0" encoding="UTF-8"?>
<TestRun id="7d23dc91-e663-44ca-b8e7-50b9f906d36c" name="Shawn@SH-DEV-042 2013-01-16 12:27:33" runUser="SH-DEV-042\Shawn" xmlns="http://microsoft.com/schemas/VisualStudio/TeamTest/2010">
  <TestSettings name="Default Test Settings" id="15b3c000-2922-4e84-9296-4b8094b392b1">
    <Deployment userDeploymentRoot="C:\Dropbox\Lib\Projects\Voodoo\Voodoo.TestData\TestResults" useDefaultDeploymentRoot="false" runDeploymentRoot="Shawn_SH-DEV-042 2013-01-16 12_27_33">
      <DeploymentItem filename="C:\Dropbox\Lib\Projects\Voodoo\Voodoo.TestData\Voodoo.TestData\bin\Debug\Voodoo.TestData.dll" />
    </Deployment>
    <Execution>
      <TestTypeSpecific />
      <AgentRule name="Execution Agents">
      </AgentRule>
    </Execution>
  </TestSettings>
  <Times creation="2013-01-16T12:27:33.8579569-06:00" queuing="2013-01-16T12:27:34.1099249-06:00" start="2013-01-16T12:27:34.1419370-06:00" finish="2013-01-16T12:27:34.5404860-06:00" />
  <ResultSummary outcome="Completed">
    <Counters total="1" executed="1" passed="1" error="0" failed="0" timeout="0" aborted="0" inconclusive="0" passedButRunAborted="0" notRunnable="0" notExecuted="0" disconnected="0" warning="0" completed="0" inProgress="0" pending="0" />
  </ResultSummary>
  <TestDefinitions>
    <UnitTest name="SequentialCallsGenerateDifferentRandomValues" storage="c:\dropbox\lib\projects\voodoo\voodoo.testdata\voodoo.testdata.tests\bin\debug\voodootestdatatest.dll" id="770674c9-d5aa-9a11-d130-7059ded87b70">
      <Execution id="e6d8faa0-ec7d-4061-9ac2-9f7d2456f5d0" />
      <TestMethod codeBase="C:/Dropbox/Lib/Projects/Voodoo/Voodoo.TestData/Voodoo.TestData.Tests/bin/Debug/VoodooTestDataTest.DLL" adapterTypeName="Microsoft.VisualStudio.TestTools.TestTypes.Unit.UnitTestAdapter, Microsoft.VisualStudio.QualityTools.Tips.UnitTest.Adapter, Version=10.0.0.0, Culture=neutral, PublicKeyToken=b03f5f7f11d50a3a" className="VoodooTestDataTest.RandomizerTests, VoodooTestDataTest, Version=1.0.0.0, Culture=neutral, PublicKeyToken=null" name="SequentialCallsGenerateDifferentRandomValues" />
    </UnitTest>
  </TestDefinitions>
  <TestLists>
    <TestList name="Results Not in a List" id="8c84fa94-04c1-424b-9868-57a2d4851a1d" />
    <TestList name="All Loaded Results" id="19431567-8539-422a-85d7-44ee4e166bda" />
  </TestLists>
  <TestEntries>
    <TestEntry testId="770674c9-d5aa-9a11-d130-7059ded87b70" executionId="e6d8faa0-ec7d-4061-9ac2-9f7d2456f5d0" testListId="8c84fa94-04c1-424b-9868-57a2d4851a1d" />
  </TestEntries>
  <Results>
    <UnitTestResult executionId="e6d8faa0-ec7d-4061-9ac2-9f7d2456f5d0" testId="770674c9-d5aa-9a11-d130-7059ded87b70" testName="SequentialCallsGenerateDifferentRandomValues" computerName="SH-DEV-042" duration="00:00:00.1410085" startTime="2013-01-16T12:27:34.1849518-06:00" endTime="2013-01-16T12:27:34.4804648-06:00" testType="13cdc9d9-ddb5-4fa4-a97d-d965ccfc6d4b" outcome="Passed" testListId="8c84fa94-04c1-424b-9868-57a2d4851a1d" relativeResultsDirectory="e6d8faa0-ec7d-4061-9ac2-9f7d2456f5d0">
      <Output>
        <DebugTrace>Item:SSN Name:UserName
Item:FirstName Name:UserName
Item:LastName Name:UserName
Item:MiddleInitial Name:UserName
Item:MiddleName Name:UserName
Item:Prefix Name:UserName
Item:EmailAddress Name:UserName Match
Item:Address1 Name:UserName
Item:City Name:UserName
Item:County Name:UserName
Item:State Name:UserName
Item:ZipCode Name:UserName
Item:PhoneNumber Name:UserName
Item:UserName Name:UserName
Item:BirthDay Name:UserName
Item:Gender Name:UserName
Item:Initials Name:UserName
Item:Suffix Name:UserName
Item:Date Name:UserName
Item:Number Name:UserName
Item:FullName Name:UserName Match
Item:Latitude Name:UserName
Item:Longitude Name:UserName
Item:NickName Name:UserName
Item:SSN Name:FirstName
Item:FirstName Name:FirstName Match
Item:LastName Name:FirstName
Item:MiddleInitial Name:FirstName
Item:MiddleName Name:FirstName
Item:Prefix Name:FirstName
Item:EmailAddress Name:FirstName
Item:Address1 Name:FirstName
Item:City Name:FirstName
Item:County Name:FirstName
Item:State Name:FirstName
Item:ZipCode Name:FirstName
Item:PhoneNumber Name:FirstName
Item:UserName Name:FirstName
Item:BirthDay Name:FirstName
Item:Gender Name:FirstName
Item:Initials Name:FirstName
Item:Suffix Name:FirstName
Item:Date Name:FirstName
Item:Number Name:FirstName
Item:FullName Name:FirstName Match
Item:Latitude Name:FirstName
Item:Longitude Name:FirstName
Item:NickName Name:FirstName
Item:SSN Name:LastName
Item:FirstName Name:LastName
Item:LastName Name:LastName Match
Item:MiddleInitial Name:LastName
Item:MiddleName Name:LastName
Item:Prefix Name:LastName
Item:EmailAddress Name:LastName
Item:Address1 Name:LastName
Item:City Name:LastName
Item:County Name:LastName
Item:State Name:LastName
Item:ZipCode Name:LastName
Item:PhoneNumber Name:LastName
Item:UserName Name:LastName
Item:BirthDay Name:LastName
Item:Gender Name:LastName
Item:Initials Name:LastName
Item:Suffix Name:LastName
Item:Date Name:LastName
Item:Number Name:LastName
Item:FullName Name:LastName Match
Item:Latitude Name:LastName
Item:Longitude Name:LastName
Item:NickName Name:LastName
Item:SSN Name:Address1
Item:FirstName Name:Address1
Item:LastName Name:Address1
Item:MiddleInitial Name:Address1
Item:MiddleName Name:Address1
Item:Prefix Name:Address1
Item:EmailAddress Name:Address1
Item:Address1 Name:Address1 Match
Item:City Name:Address1
Item:County Name:Address1
Item:State Name:Address1
Item:ZipCode Name:Address1
Item:PhoneNumber Name:Address1
Item:UserName Name:Address1
Item:BirthDay Name:Address1
Item:Gender Name:Address1
Item:Initials Name:Address1
Item:Suffix Name:Address1
Item:Date Name:Address1
Item:Number Name:Address1
Item:FullName Name:Address1
Item:Latitude Name:Address1
Item:Longitude Name:Address1
Item:NickName Name:Address1
Item:SSN Name:Address2
Item:FirstName Name:Address2
Item:LastName Name:Address2
Item:MiddleInitial Name:Address2
Item:MiddleName Name:Address2
Item:Prefix Name:Address2
Item:EmailAddress Name:Address2
Item:Address1 Name:Address2 Match
Item:City Name:Address2
Item:County Name:Address2
Item:State Name:Address2
Item:ZipCode Name:Address2
Item:PhoneNumber Name:Address2
Item:UserName Name:Address2
Item:BirthDay Name:Address2
Item:Gender Name:Address2
Item:Initials Name:Address2
Item:Suffix Name:Address2
Item:Date Name:Address2
Item:Number Name:Address2
Item:FullName Name:Address2
Item:Latitude Name:Address2
Item:Longitude Name:Address2
Item:NickName Name:Address2
Item:SSN Name:City
Item:FirstName Name:City
Item:LastName Name:City
Item:MiddleInitial Name:City
Item:MiddleName Name:City
Item:Prefix Name:City
Item:EmailAddress Name:City
Item:Address1 Name:City
Item:City Name:City Match
Item:County Name:City
Item:State Name:City
Item:ZipCode Name:City
Item:PhoneNumber Name:City
Item:UserName Name:City
Item:BirthDay Name:City
Item:Gender Name:City
Item:Initials Name:City
Item:Suffix Name:City
Item:Date Name:City
Item:Number Name:City
Item:FullName Name:City
Item:Latitude Name:City
Item:Longitude Name:City
Item:NickName Name:City
Item:SSN Name:Zip
Item:FirstName Name:Zip
Item:LastName Name:Zip
Item:MiddleInitial Name:Zip
Item:MiddleName Name:Zip
Item:Prefix Name:Zip
Item:EmailAddress Name:Zip
Item:Address1 Name:Zip
Item:City Name:Zip
Item:County Name:Zip
Item:State Name:Zip
Item:ZipCode Name:Zip Match
Item:PhoneNumber Name:Zip
Item:UserName Name:Zip
Item:BirthDay Name:Zip
Item:Gender Name:Zip
Item:Initials Name:Zip
Item:Suffix Name:Zip
Item:Date Name:Zip
Item:Number Name:Zip
Item:FullName Name:Zip
Item:Latitude Name:Zip
Item:Longitude Name:Zip
Item:NickName Name:Zip
Item:SSN Name:HomePhone
Item:FirstName Name:HomePhone
Item:LastName Name:HomePhone
Item:MiddleInitial Name:HomePhone
Item:MiddleName Name:HomePhone
Item:Prefix Name:HomePhone
Item:EmailAddress Name:HomePhone
Item:Address1 Name:HomePhone
Item:City Name:HomePhone
Item:County Name:HomePhone
Item:State Name:HomePhone
Item:ZipCode Name:HomePhone
Item:PhoneNumber Name:HomePhone
Item:UserName Name:HomePhone
Item:BirthDay Name:HomePhone
Item:Gender Name:HomePhone
Item:Initials Name:HomePhone
Item:Suffix Name:HomePhone
Item:Date Name:HomePhone
Item:Number Name:HomePhone
Item:FullName Name:HomePhone
Item:Latitude Name:HomePhone
Item:Longitude Name:HomePhone
Item:NickName Name:HomePhone
Item:SSN Name:MobilePhone
Item:FirstName Name:MobilePhone
Item:LastName Name:MobilePhone
Item:MiddleInitial Name:MobilePhone
Item:MiddleName Name:MobilePhone
Item:Prefix Name:MobilePhone
Item:EmailAddress Name:MobilePhone
Item:Address1 Name:MobilePhone
Item:City Name:MobilePhone
Item:County Name:MobilePhone
Item:State Name:MobilePhone
Item:ZipCode Name:MobilePhone
Item:PhoneNumber Name:MobilePhone Match
Item:UserName Name:MobilePhone
Item:BirthDay Name:MobilePhone
Item:Gender Name:MobilePhone
Item:Initials Name:MobilePhone
Item:Suffix Name:MobilePhone
Item:Date Name:MobilePhone
Item:Number Name:MobilePhone
Item:FullName Name:MobilePhone
Item:Latitude Name:MobilePhone
Item:Longitude Name:MobilePhone
Item:NickName Name:MobilePhone
Item:SSN Name:FaxPhone
Item:FirstName Name:FaxPhone
Item:LastName Name:FaxPhone
Item:MiddleInitial Name:FaxPhone
Item:MiddleName Name:FaxPhone
Item:Prefix Name:FaxPhone
Item:EmailAddress Name:FaxPhone
Item:Address1 Name:FaxPhone
Item:City Name:FaxPhone
Item:County Name:FaxPhone
Item:State Name:FaxPhone
Item:ZipCode Name:FaxPhone
Item:PhoneNumber Name:FaxPhone Match
Item:UserName Name:FaxPhone
Item:BirthDay Name:FaxPhone
Item:Gender Name:FaxPhone
Item:Initials Name:FaxPhone
Item:Suffix Name:FaxPhone
Item:Date Name:FaxPhone
Item:Number Name:FaxPhone
Item:FullName Name:FaxPhone
Item:Latitude Name:FaxPhone
Item:Longitude Name:FaxPhone
Item:NickName Name:FaxPhone
Item:SSN Name:BusinessPhone
Item:FirstName Name:BusinessPhone
Item:LastName Name:BusinessPhone
Item:MiddleInitial Name:BusinessPhone
Item:MiddleName Name:BusinessPhone
Item:Prefix Name:BusinessPhone
Item:EmailAddress Name:BusinessPhone
Item:Address1 Name:BusinessPhone
Item:City Name:BusinessPhone
Item:County Name:BusinessPhone
Item:State Name:BusinessPhone
Item:ZipCode Name:BusinessPhone
Item:PhoneNumber Name:BusinessPhone
Item:UserName Name:BusinessPhone
Item:BirthDay Name:BusinessPhone
Item:Gender Name:BusinessPhone
Item:Initials Name:BusinessPhone
Item:Suffix Name:BusinessPhone
Item:Date Name:BusinessPhone
Item:Number Name:BusinessPhone
Item:FullName Name:BusinessPhone
Item:Latitude Name:BusinessPhone
Item:Longitude Name:BusinessPhone
Item:NickName Name:BusinessPhone
Item:SSN Name:SSN Match
Item:FirstName Name:SSN
Item:LastName Name:SSN
Item:MiddleInitial Name:SSN
Item:MiddleName Name:SSN
Item:Prefix Name:SSN
Item:EmailAddress Name:SSN
Item:Address1 Name:SSN
Item:City Name:SSN
Item:County Name:SSN
Item:State Name:SSN
Item:ZipCode Name:SSN
Item:PhoneNumber Name:SSN
Item:UserName Name:SSN
Item:BirthDay Name:SSN
Item:Gender Name:SSN
Item:Initials Name:SSN
Item:Suffix Name:SSN
Item:Date Name:SSN
Item:Number Name:SSN
Item:FullName Name:SSN
Item:Latitude Name:SSN
Item:Longitude Name:SSN
Item:NickName Name:SSN
Item:SSN Name:UserName
Item:FirstName Name:UserName
Item:LastName Name:UserName
Item:MiddleInitial Name:UserName
Item:MiddleName Name:UserName
Item:Prefix Name:UserName
Item:EmailAddress Name:UserName Match
Item:Address1 Name:UserName
Item:City Name:UserName
Item:County Name:UserName
Item:State Name:UserName
Item:ZipCode Name:UserName
Item:PhoneNumber Name:UserName
Item:UserName Name:UserName
Item:BirthDay Name:UserName
Item:Gender Name:UserName
Item:Initials Name:UserName
Item:Suffix Name:UserName
Item:Date Name:UserName
Item:Number Name:UserName
Item:FullName Name:UserName Match
Item:Latitude Name:UserName
Item:Longitude Name:UserName
Item:NickName Name:UserName
Item:SSN Name:FirstName
Item:FirstName Name:FirstName Match
Item:LastName Name:FirstName
Item:MiddleInitial Name:FirstName
Item:MiddleName Name:FirstName
Item:Prefix Name:FirstName
Item:EmailAddress Name:FirstName
Item:Address1 Name:FirstName
Item:City Name:FirstName
Item:County Name:FirstName
Item:State Name:FirstName
Item:ZipCode Name:FirstName
Item:PhoneNumber Name:FirstName
Item:UserName Name:FirstName
Item:BirthDay Name:FirstName
Item:Gender Name:FirstName
Item:Initials Name:FirstName
Item:Suffix Name:FirstName
Item:Date Name:FirstName
Item:Number Name:FirstName
Item:FullName Name:FirstName Match
Item:Latitude Name:FirstName
Item:Longitude Name:FirstName
Item:NickName Name:FirstName
Item:SSN Name:LastName
Item:FirstName Name:LastName
Item:LastName Name:LastName Match
Item:MiddleInitial Name:LastName
Item:MiddleName Name:LastName
Item:Prefix Name:LastName
Item:EmailAddress Name:LastName
Item:Address1 Name:LastName
Item:City Name:LastName
Item:County Name:LastName
Item:State Name:LastName
Item:ZipCode Name:LastName
Item:PhoneNumber Name:LastName
Item:UserName Name:LastName
Item:BirthDay Name:LastName
Item:Gender Name:LastName
Item:Initials Name:LastName
Item:Suffix Name:LastName
Item:Date Name:LastName
Item:Number Name:LastName
Item:FullName Name:LastName Match
Item:Latitude Name:LastName
Item:Longitude Name:LastName
Item:NickName Name:LastName
Item:SSN Name:Address1
Item:FirstName Name:Address1
Item:LastName Name:Address1
Item:MiddleInitial Name:Address1
Item:MiddleName Name:Address1
Item:Prefix Name:Address1
Item:EmailAddress Name:Address1
Item:Address1 Name:Address1 Match
Item:City Name:Address1
Item:County Name:Address1
Item:State Name:Address1
Item:ZipCode Name:Address1
Item:PhoneNumber Name:Address1
Item:UserName Name:Address1
Item:BirthDay Name:Address1
Item:Gender Name:Address1
Item:Initials Name:Address1
Item:Suffix Name:Address1
Item:Date Name:Address1
Item:Number Name:Address1
Item:FullName Name:Address1
Item:Latitude Name:Address1
Item:Longitude Name:Address1
Item:NickName Name:Address1
Item:SSN Name:Address2
Item:FirstName Name:Address2
Item:LastName Name:Address2
Item:MiddleInitial Name:Address2
Item:MiddleName Name:Address2
Item:Prefix Name:Address2
Item:EmailAddress Name:Address2
Item:Address1 Name:Address2 Match
Item:City Name:Address2
Item:County Name:Address2
Item:State Name:Address2
Item:ZipCode Name:Address2
Item:PhoneNumber Name:Address2
Item:UserName Name:Address2
Item:BirthDay Name:Address2
Item:Gender Name:Address2
Item:Initials Name:Address2
Item:Suffix Name:Address2
Item:Date Name:Address2
Item:Number Name:Address2
Item:FullName Name:Address2
Item:Latitude Name:Address2
Item:Longitude Name:Address2
Item:NickName Name:Address2
Item:SSN Name:City
Item:FirstName Name:City
Item:LastName Name:City
Item:MiddleInitial Name:City
Item:MiddleName Name:City
Item:Prefix Name:City
Item:EmailAddress Name:City
Item:Address1 Name:City
Item:City Name:City Match
Item:County Name:City
Item:State Name:City
Item:ZipCode Name:City
Item:PhoneNumber Name:City
Item:UserName Name:City
Item:BirthDay Name:City
Item:Gender Name:City
Item:Initials Name:City
Item:Suffix Name:City
Item:Date Name:City
Item:Number Name:City
Item:FullName Name:City
Item:Latitude Name:City
Item:Longitude Name:City
Item:NickName Name:City
Item:SSN Name:Zip
Item:FirstName Name:Zip
Item:LastName Name:Zip
Item:MiddleInitial Name:Zip
Item:MiddleName Name:Zip
Item:Prefix Name:Zip
Item:EmailAddress Name:Zip
Item:Address1 Name:Zip
Item:City Name:Zip
Item:County Name:Zip
Item:State Name:Zip
Item:ZipCode Name:Zip Match
Item:PhoneNumber Name:Zip
Item:UserName Name:Zip
Item:BirthDay Name:Zip
Item:Gender Name:Zip
Item:Initials Name:Zip
Item:Suffix Name:Zip
Item:Date Name:Zip
Item:Number Name:Zip
Item:FullName Name:Zip
Item:Latitude Name:Zip
Item:Longitude Name:Zip
Item:NickName Name:Zip
Item:SSN Name:HomePhone
Item:FirstName Name:HomePhone
Item:LastName Name:HomePhone
Item:MiddleInitial Name:HomePhone
Item:MiddleName Name:HomePhone
Item:Prefix Name:HomePhone
Item:EmailAddress Name:HomePhone
Item:Address1 Name:HomePhone
Item:City Name:HomePhone
Item:County Name:HomePhone
Item:State Name:HomePhone
Item:ZipCode Name:HomePhone
Item:PhoneNumber Name:HomePhone
Item:UserName Name:HomePhone
Item:BirthDay Name:HomePhone
Item:Gender Name:HomePhone
Item:Initials Name:HomePhone
Item:Suffix Name:HomePhone
Item:Date Name:HomePhone
Item:Number Name:HomePhone
Item:FullName Name:HomePhone
Item:Latitude Name:HomePhone
Item:Longitude Name:HomePhone
Item:NickName Name:HomePhone
Item:SSN Name:MobilePhone
Item:FirstName Name:MobilePhone
Item:LastName Name:MobilePhone
Item:MiddleInitial Name:MobilePhone
Item:MiddleName Name:MobilePhone
Item:Prefix Name:MobilePhone
Item:EmailAddress Name:MobilePhone
Item:Address1 Name:MobilePhone
Item:City Name:MobilePhone
Item:County Name:MobilePhone
Item:State Name:MobilePhone
Item:ZipCode Name:MobilePhone
Item:PhoneNumber Name:MobilePhone Match
Item:UserName Name:MobilePhone
Item:BirthDay Name:MobilePhone
Item:Gender Name:MobilePhone
Item:Initials Name:MobilePhone
Item:Suffix Name:MobilePhone
Item:Date Name:MobilePhone
Item:Number Name:MobilePhone
Item:FullName Name:MobilePhone
Item:Latitude Name:MobilePhone
Item:Longitude Name:MobilePhone
Item:NickName Name:MobilePhone
Item:SSN Name:FaxPhone
Item:FirstName Name:FaxPhone
Item:LastName Name:FaxPhone
Item:MiddleInitial Name:FaxPhone
Item:MiddleName Name:FaxPhone
Item:Prefix Name:FaxPhone
Item:EmailAddress Name:FaxPhone
Item:Address1 Name:FaxPhone
Item:City Name:FaxPhone
Item:County Name:FaxPhone
Item:State Name:FaxPhone
Item:ZipCode Name:FaxPhone
Item:PhoneNumber Name:FaxPhone Match
Item:UserName Name:FaxPhone
Item:BirthDay Name:FaxPhone
Item:Gender Name:FaxPhone
Item:Initials Name:FaxPhone
Item:Suffix Name:FaxPhone
Item:Date Name:FaxPhone
Item:Number Name:FaxPhone
Item:FullName Name:FaxPhone
Item:Latitude Name:FaxPhone
Item:Longitude Name:FaxPhone
Item:NickName Name:FaxPhone
Item:SSN Name:BusinessPhone
Item:FirstName Name:BusinessPhone
Item:LastName Name:BusinessPhone
Item:MiddleInitial Name:BusinessPhone
Item:MiddleName Name:BusinessPhone
Item:Prefix Name:BusinessPhone
Item:EmailAddress Name:BusinessPhone
Item:Address1 Name:BusinessPhone
Item:City Name:BusinessPhone
Item:County Name:BusinessPhone
Item:State Name:BusinessPhone
Item:ZipCode Name:BusinessPhone
Item:PhoneNumber Name:BusinessPhone
Item:UserName Name:BusinessPhone
Item:BirthDay Name:BusinessPhone
Item:Gender Name:BusinessPhone
Item:Initials Name:BusinessPhone
Item:Suffix Name:BusinessPhone
Item:Date Name:BusinessPhone
Item:Number Name:BusinessPhone
Item:FullName Name:BusinessPhone
Item:Latitude Name:BusinessPhone
Item:Longitude Name:BusinessPhone
Item:NickName Name:BusinessPhone
Item:SSN Name:SSN Match
Item:FirstName Name:SSN
Item:LastName Name:SSN
Item:MiddleInitial Name:SSN
Item:MiddleName Name:SSN
Item:Prefix Name:SSN
Item:EmailAddress Name:SSN
Item:Address1 Name:SSN
Item:City Name:SSN
Item:County Name:SSN
Item:State Name:SSN
Item:ZipCode Name:SSN
Item:PhoneNumber Name:SSN
Item:UserName Name:SSN
Item:BirthDay Name:SSN
Item:Gender Name:SSN
Item:Initials Name:SSN
Item:Suffix Name:SSN
Item:Date Name:SSN
Item:Number Name:SSN
Item:FullName Name:SSN
Item:Latitude Name:SSN
Item:Longitude Name:SSN
Item:NickName Name:SSN
</DebugTrace>
      </Output>
    </UnitTestResult>
  </Results>
</TestRun>