<?xml version="1.0" encoding="UTF-8"?>
<TestRun id="c0a5a05e-a94d-41ac-b065-c96aafde61f3" name="Shawn@SH-DEV-042 2013-10-10 13:58:58" runUser="SH-DEV-042\Shawn" xmlns="http://microsoft.com/schemas/VisualStudio/TeamTest/2010">
  <TestSettings name="Default Test Settings" id="ff5b732f-0e91-4250-8d37-298c146f9bee">
    <Deployment runDeploymentRoot="Shawn_SH-DEV-042 2013-10-10 13_58_58">
      <DeploymentItem filename="C:\Dropbox\Lib\Projects\Voodoo\Voodoo.TestData\Voodoo.TestData\bin\Debug\Voodoo.TestData.dll" />
    </Deployment>
    <Execution>
      <TestTypeSpecific />
      <AgentRule name="Execution Agents">
      </AgentRule>
    </Execution>
  </TestSettings>
  <Times creation="2013-10-10T13:58:58.5045858-05:00" queuing="2013-10-10T13:58:59.8480666-05:00" start="2013-10-10T13:58:59.9641082-05:00" finish="2013-10-10T14:01:27.6580197-05:00" />
  <ResultSummary outcome="Error">
    <Counters total="1" executed="1" error="0" failed="0" timeout="0" aborted="1" inconclusive="0" passedButRunAborted="0" notRunnable="0" notExecuted="0" disconnected="0" warning="0" passed="0" completed="0" inProgress="0" pending="0" />
    <RunInfos>
      <RunInfo computerName="SH-DEV-042" outcome="Error" timestamp="2013-10-10T14:01:27.6570192-05:00">
        <Text>Test host process exited unexpectedly.</Text>
      </RunInfo>
    </RunInfos>
  </ResultSummary>
  <TestDefinitions>
    <UnitTest name="RandomizerWorksAsExpectedWithStringLengthAttribute" storage="c:\dropbox\lib\projects\voodoo\voodoo.testdata\voodoo.testdata.tests\bin\debug\voodootestdatatest.dll" id="e7543e7c-0bcd-8c46-f496-9c652fce72a5">
      <Execution id="ca16382b-0076-4a37-8016-2c26e50a2130" />
      <TestMethod codeBase="C:/Dropbox/Lib/Projects/Voodoo/Voodoo.TestData/Voodoo.TestData.Tests/bin/Debug/VoodooTestDataTest.DLL" adapterTypeName="Microsoft.VisualStudio.TestTools.TestTypes.Unit.UnitTestAdapter, Microsoft.VisualStudio.QualityTools.Tips.UnitTest.Adapter, Version=10.0.0.0, Culture=neutral, PublicKeyToken=b03f5f7f11d50a3a" className="VoodooTestDataTest.RandomizerTests, VoodooTestDataTest, Version=1.0.0.0, Culture=neutral, PublicKeyToken=null" name="RandomizerWorksAsExpectedWithStringLengthAttribute" />
    </UnitTest>
  </TestDefinitions>
  <TestLists>
    <TestList name="Results Not in a List" id="8c84fa94-04c1-424b-9868-57a2d4851a1d" />
    <TestList name="All Loaded Results" id="19431567-8539-422a-85d7-44ee4e166bda" />
  </TestLists>
  <TestEntries>
    <TestEntry testId="e7543e7c-0bcd-8c46-f496-9c652fce72a5" executionId="ca16382b-0076-4a37-8016-2c26e50a2130" testListId="8c84fa94-04c1-424b-9868-57a2d4851a1d" />
  </TestEntries>
  <Results>
    <UnitTestResult executionId="ca16382b-0076-4a37-8016-2c26e50a2130" testId="e7543e7c-0bcd-8c46-f496-9c652fce72a5" testName="RandomizerWorksAsExpectedWithStringLengthAttribute" computerName="SH-DEV-042" duration="00:02:27.5528609" startTime="2013-10-10T13:59:00.1051588-05:00" endTime="2013-10-10T14:01:27.6580197-05:00" testType="13cdc9d9-ddb5-4fa4-a97d-d965ccfc6d4b" outcome="Aborted" testListId="8c84fa94-04c1-424b-9868-57a2d4851a1d" relativeResultsDirectory="ca16382b-0076-4a37-8016-2c26e50a2130">
    </UnitTestResult>
  </Results>
</TestRun>