<?xml version="1.0" encoding="UTF-8"?>
<TestRun id="acf5b1fd-4b17-4c67-980c-0434a718dadf" name="Shawn@SH-DEV-042 2013-10-10 14:08:18" runUser="SH-DEV-042\Shawn" xmlns="http://microsoft.com/schemas/VisualStudio/TeamTest/2010">
  <TestSettings name="Default Test Settings" id="c8a55616-751b-41e6-9156-a91ba6c31407">
    <Deployment runDeploymentRoot="Shawn_SH-DEV-042 2013-10-10 14_08_18">
      <DeploymentItem filename="C:\Dropbox\Lib\Projects\Voodoo\Voodoo.TestData\Voodoo.TestData\bin\Debug\Voodoo.TestData.dll" />
    </Deployment>
    <Execution>
      <TestTypeSpecific />
      <AgentRule name="Execution Agents">
      </AgentRule>
    </Execution>
  </TestSettings>
  <Times creation="2013-10-10T14:08:18.1150658-05:00" queuing="2013-10-10T14:08:19.2234633-05:00" start="2013-10-10T14:08:19.3465072-05:00" finish="2013-10-10T14:09:28.1721638-05:00" />
  <ResultSummary outcome="Error">
    <Counters total="1" executed="1" error="0" failed="0" timeout="0" aborted="1" inconclusive="0" passedButRunAborted="0" notRunnable="0" notExecuted="0" disconnected="0" warning="0" passed="0" completed="0" inProgress="0" pending="0" />
    <RunInfos>
      <RunInfo computerName="SH-DEV-042" outcome="Error" timestamp="2013-10-10T14:09:28.1721638-05:00">
        <Text>Test host process exited unexpectedly.</Text>
      </RunInfo>
    </RunInfos>
  </ResultSummary>
  <TestDefinitions>
    <UnitTest name="RandomizerWorksAsExpectedWithStringLengthAttribute" storage="c:\dropbox\lib\projects\voodoo\voodoo.testdata\voodoo.testdata.tests\bin\debug\voodootestdatatest.dll" id="e7543e7c-0bcd-8c46-f496-9c652fce72a5">
      <Execution id="86e6a1e6-3a17-4425-acd5-ce8741d5678b" />
      <TestMethod codeBase="C:/Dropbox/Lib/Projects/Voodoo/Voodoo.TestData/Voodoo.TestData.Tests/bin/Debug/VoodooTestDataTest.DLL" adapterTypeName="Microsoft.VisualStudio.TestTools.TestTypes.Unit.UnitTestAdapter, Microsoft.VisualStudio.QualityTools.Tips.UnitTest.Adapter, Version=10.0.0.0, Culture=neutral, PublicKeyToken=b03f5f7f11d50a3a" className="VoodooTestDataTest.RandomizerTests, VoodooTestDataTest, Version=1.0.0.0, Culture=neutral, PublicKeyToken=null" name="RandomizerWorksAsExpectedWithStringLengthAttribute" />
    </UnitTest>
  </TestDefinitions>
  <TestLists>
    <TestList name="Results Not in a List" id="8c84fa94-04c1-424b-9868-57a2d4851a1d" />
    <TestList name="All Loaded Results" id="19431567-8539-422a-85d7-44ee4e166bda" />
  </TestLists>
  <TestEntries>
    <TestEntry testId="e7543e7c-0bcd-8c46-f496-9c652fce72a5" executionId="86e6a1e6-3a17-4425-acd5-ce8741d5678b" testListId="8c84fa94-04c1-424b-9868-57a2d4851a1d" />
  </TestEntries>
  <Results>
    <UnitTestResult executionId="86e6a1e6-3a17-4425-acd5-ce8741d5678b" testId="e7543e7c-0bcd-8c46-f496-9c652fce72a5" testName="RandomizerWorksAsExpectedWithStringLengthAttribute" computerName="SH-DEV-042" duration="00:01:08.7036130" startTime="2013-10-10T14:08:19.4685508-05:00" endTime="2013-10-10T14:09:28.1721638-05:00" testType="13cdc9d9-ddb5-4fa4-a97d-d965ccfc6d4b" outcome="Aborted" testListId="8c84fa94-04c1-424b-9868-57a2d4851a1d" relativeResultsDirectory="86e6a1e6-3a17-4425-acd5-ce8741d5678b">
    </UnitTestResult>
  </Results>
</TestRun>